Started on Aug 16, 2022, 11:50:57 AM
Using strategy: Default
The recommended git tool is: NONE
No credentials specified
 > git --version # timeout=10
 > git --version # 'git version 2.30.2'
 > git ls-remote -h -- https://github.com/masterbrainparis/azasimul.git # timeout=10
FATAL: hudson.plugins.git.GitException: Command "git ls-remote -h -- https://github.com/masterbrainparis/azasimul.git" returned status code 128:
stdout: 
stderr: remote: Support for password authentication was removed on August 13, 2021.
remote: Please see https://docs.github.com/en/get-started/getting-started-with-git/about-remote-repositories#cloning-with-https-urls for information on currently recommended modes of authentication.
fatal: Authentication failed for 'https://github.com/masterbrainparis/azasimul.git/'

hudson.plugins.git.GitException: Command "git ls-remote -h -- https://github.com/masterbrainparis/azasimul.git" returned status code 128:
stdout: 
stderr: remote: Support for password authentication was removed on August 13, 2021.
remote: Please see https://docs.github.com/en/get-started/getting-started-with-git/about-remote-repositories#cloning-with-https-urls for information on currently recommended modes of authentication.
fatal: Authentication failed for 'https://github.com/masterbrainparis/azasimul.git/'

	at org.jenkinsci.plugins.gitclient.CliGitAPIImpl.launchCommandIn(CliGitAPIImpl.java:2671)
	at org.jenkinsci.plugins.gitclient.CliGitAPIImpl.launchCommandWithCredentials(CliGitAPIImpl.java:2096)
	at org.jenkinsci.plugins.gitclient.CliGitAPIImpl.launchCommandWithCredentials(CliGitAPIImpl.java:1996)
	at org.jenkinsci.plugins.gitclient.CliGitAPIImpl.launchCommandWithCredentials(CliGitAPIImpl.java:1987)
	at org.jenkinsci.plugins.gitclient.CliGitAPIImpl.getHeadRev(CliGitAPIImpl.java:3547)
	at hudson.plugins.git.GitSCM.compareRemoteRevisionWithImpl(GitSCM.java:732)
	at hudson.plugins.git.GitSCM.compareRemoteRevisionWith(GitSCM.java:691)
Caused: java.io.IOException
	at hudson.plugins.git.GitSCM.compareRemoteRevisionWith(GitSCM.java:693)
	at hudson.scm.SCM.compareRemoteRevisionWith(SCM.java:419)
	at hudson.scm.SCM.poll(SCM.java:436)
	at hudson.model.AbstractProject._poll(AbstractProject.java:1396)
	at hudson.model.AbstractProject.poll(AbstractProject.java:1302)
	at hudson.triggers.SCMTrigger$Runner.runPolling(SCMTrigger.java:618)
	at hudson.triggers.SCMTrigger$Runner.run(SCMTrigger.java:665)
	at hudson.util.SequentialExecutionQueue$QueueEntry.run(SequentialExecutionQueue.java:123)
	at java.base/java.util.concurrent.Executors$RunnableAdapter.call(Executors.java:515)
	at java.base/java.util.concurrent.FutureTask.run(FutureTask.java:264)
	at java.base/java.util.concurrent.ThreadPoolExecutor.runWorker(ThreadPoolExecutor.java:1128)
	at java.base/java.util.concurrent.ThreadPoolExecutor$Worker.run(ThreadPoolExecutor.java:628)
	at java.base/java.lang.Thread.run(Thread.java:829)
Done. Took 1.1 sec
No changes
