--- Copying files at Fri Jun 24 12:35:10 UTC 2022
--- Copying files at Fri Jun 24 12:59:21 UTC 2022
--- Copying files at Fri Jun 24 13:01:08 UTC 2022
--- Copying files at Fri Jun 24 13:01:39 UTC 2022
--- Copying files at Fri Jun 24 13:02:07 UTC 2022
--- Copying files at Mon Jun 27 13:04:35 UTC 2022
--- Copying files at Mon Jun 27 13:52:59 UTC 2022
--- Copying files at Wed Jul 13 13:54:32 UTC 2022
--- Copying files at Sat Jul 30 14:16:41 UTC 2022
--- Copying files at Tue Aug  9 08:05:19 UTC 2022
--- Copying files at Tue Aug 16 09:41:14 UTC 2022
--- Copying files at Tue Aug 16 09:49:42 UTC 2022
--- Copying files at Tue Aug 16 09:52:18 UTC 2022
--- Copying files at Tue Aug 16 09:53:53 UTC 2022
--- Copying files at Tue Aug 16 09:55:59 UTC 2022
--- Copying files at Tue Aug 16 10:00:01 UTC 2022
--- Copying files at Tue Aug 16 10:10:14 UTC 2022
--- Copying files at Tue Aug 16 10:18:43 UTC 2022
--- Copying files at Tue Aug 16 10:35:51 UTC 2022
--- Copying files at Tue Aug 16 12:10:04 UTC 2022
